<?xml version="1.0" encoding="UTF-8"?>
<testsuite name="com.medicaments.MedExpirationStateApplicationTests" tests="1" skipped="0" failures="0" errors="0" timestamp="2023-06-03T21:34:06" hostname="DELPER" time="0.176">
  <properties/>
  <testcase name="contextLoads()" classname="com.medicaments.MedExpirationStateApplicationTests" time="0.176"/>
  <system-out><![CDATA[23:34:02.397 [Test worker] DEBUG org.springframework.boot.test.context.SpringBootTestContextBootstrapper -- Neither @ContextConfiguration nor @ContextHierarchy found for test class [MedExpirationStateApplicationTests]: using SpringBootContextLoader
23:34:02.402 [Test worker] DEBUG org.springframework.test.context.support.AbstractContextLoader -- Could not detect default resource locations for test class [com.medicaments.MedExpirationStateApplicationTests]: no resource found for suffixes {-context.xml, Context.groovy}.
23:34:02.402 [Test worker] INFO org.springframework.test.context.support.AnnotationConfigContextLoaderUtils -- Could not detect default configuration classes for test class [com.medicaments.MedExpirationStateApplicationTests]: MedExpirationStateApplicationTests does not declare any static, non-private, non-final, nested classes annotated with @Configuration.
23:34:02.421 [Test worker] DEBUG org.springframework.boot.test.context.SpringBootTestContextBootstrapper -- Using ContextCustomizers for test class [MedExpirationStateApplicationTests]: [DisableObservabilityContextCustomizer, PropertyMappingContextCustomizer, Customizer, ExcludeFilterContextCustomizer, DuplicateJsonObjectContextCustomizer, MockitoContextCustomizer, TestRestTemplateContextCustomizer]
23:34:02.481 [Test worker] DEBUG org.springframework.context.annotation.ClassPathScanningCandidateComponentProvider -- Identified candidate component class: file [C:\Users\jirip\IdeaProjects\MedExpirationState\build\classes\java\main\com\medicaments\MedExpirationStateApplication.class]
23:34:02.482 [Test worker] INFO org.springframework.boot.test.context.SpringBootTestContextBootstrapper -- Found @SpringBootConfiguration com.medicaments.MedExpirationStateApplication for test class com.medicaments.MedExpirationStateApplicationTests
23:34:02.567 [Test worker] DEBUG org.springframework.boot.test.context.SpringBootTestContextBootstrapper -- Using TestExecutionListeners for test class [MedExpirationStateApplicationTests]: [ServletTestExecutionListener, DirtiesContextBeforeModesTestExecutionListener, ApplicationEventsTestExecutionListener, MockitoTestExecutionListener, DependencyInjectionTestExecutionListener, DirtiesContextTestExecutionListener, TransactionalTestExecutionListener, SqlScriptsTestExecutionListener, EventPublishingTestExecutionListener, RestDocsTestExecutionListener, MockRestServiceServerResetTestExecutionListener, MockMvcPrintOnlyOnFailureTestExecutionListener, WebDriverTestExecutionListener, MockWebServiceServerTestExecutionListener, ResetMocksTestExecutionListener]
23:34:02.568 [Test worker] DEBUG org.springframework.test.context.support.AbstractDirtiesContextTestExecutionListener -- Before test class: class [MedExpirationStateApplicationTests], class annotated with @DirtiesContext [false] with mode [null]

  .   ____          _            __ _ _
 /\\ / ___'_ __ _ _(_)_ __  __ _ \ \ \ \
( ( )\___ | '_ | '_| | '_ \/ _` | \ \ \ \
 \\/  ___)| |_)| | | | | || (_| |  ) ) ) )
  '  |____| .__|_| |_|_| |_\__, | / / / /
 =========|_|==============|___/=/_/_/_/
 :: Spring Boot ::                (v3.0.6)

2023-06-03T23:34:02.792+02:00  INFO 8344 --- [    Test worker] c.m.MedExpirationStateApplicationTests   : Starting MedExpirationStateApplicationTests using Java 17.0.6 with PID 8344 (started by jirip in C:\Users\jirip\IdeaProjects\MedExpirationState)
2023-06-03T23:34:02.794+02:00  INFO 8344 --- [    Test worker] c.m.MedExpirationStateApplicationTests   : No active profile set, falling back to 1 default profile: "default"
2023-06-03T23:34:03.309+02:00  INFO 8344 --- [    Test worker] .s.d.r.c.RepositoryConfigurationDelegate : Bootstrapping Spring Data JPA repositories in DEFAULT mode.
2023-06-03T23:34:03.360+02:00  INFO 8344 --- [    Test worker] .s.d.r.c.RepositoryConfigurationDelegate : Finished Spring Data repository scanning in 44 ms. Found 3 JPA repository interfaces.
2023-06-03T23:34:03.701+02:00  INFO 8344 --- [    Test worker] o.hibernate.jpa.internal.util.LogHelper  : HHH000204: Processing PersistenceUnitInfo [name: default]
2023-06-03T23:34:03.749+02:00  INFO 8344 --- [    Test worker] org.hibernate.Version                    : HHH000412: Hibernate ORM core version 6.1.7.Final
2023-06-03T23:34:04.023+02:00  INFO 8344 --- [    Test worker] com.zaxxer.hikari.HikariDataSource       : HikariPool-1 - Starting...
2023-06-03T23:34:04.167+02:00  INFO 8344 --- [    Test worker] com.zaxxer.hikari.pool.HikariPool        : HikariPool-1 - Added connection conn0: url=jdbc:h2:mem:testdb user=SA
2023-06-03T23:34:04.168+02:00  INFO 8344 --- [    Test worker] com.zaxxer.hikari.HikariDataSource       : HikariPool-1 - Start completed.
2023-06-03T23:34:04.184+02:00  INFO 8344 --- [    Test worker] SQL dialect                              : HHH000400: Using dialect: org.hibernate.dialect.H2Dialect
Hibernate: drop table if exists location cascade 
Hibernate: drop table if exists medicament cascade 
Hibernate: drop table if exists vehicle cascade 
Hibernate: create table location (id integer generated by default as identity, place_of_location varchar(255) not null, vehicle_id integer, primary key (id))
Hibernate: create table medicament (id integer generated by default as identity, date_of_expiraton date, name varchar(255), location_id integer, primary key (id))
Hibernate: create table vehicle (id integer generated by default as identity, vehicle_number integer not null, primary key (id))
Hibernate: alter table if exists location add constraint FKh2ol71lr9c17y0bu97ui8nf01 foreign key (vehicle_id) references vehicle
Hibernate: alter table if exists medicament add constraint FKdxyarhcryviy3eftm61ffiu2k foreign key (location_id) references location
2023-06-03T23:34:04.923+02:00  INFO 8344 --- [    Test worker] o.h.e.t.j.p.i.JtaPlatformInitiator       : HHH000490: Using JtaPlatform implementation: [org.hibernate.engine.transaction.jta.platform.internal.NoJtaPlatform]
2023-06-03T23:34:04.931+02:00  INFO 8344 --- [    Test worker] j.LocalContainerEntityManagerFactoryBean : Initialized JPA EntityManagerFactory for persistence unit 'default'
2023-06-03T23:34:05.637+02:00  WARN 8344 --- [    Test worker] JpaBaseConfiguration$JpaWebConfiguration : spring.jpa.open-in-view is enabled by default. Therefore, database queries may be performed during view rendering. Explicitly configure spring.jpa.open-in-view to disable this warning
2023-06-03T23:34:06.104+02:00  INFO 8344 --- [    Test worker] c.m.MedExpirationStateApplicationTests   : Started MedExpirationStateApplicationTests in 3.492 seconds (process running for 4.421)
]]></system-out>
  <system-err><![CDATA[]]></system-err>
</testsuite>
