<?xml version="1.0" encoding="UTF-8"?>
<testsuite name="com.bankapp.account.AccountServiceTest" tests="8" skipped="0" failures="0" errors="0" timestamp="2023-05-07T19:06:02" hostname="DELPER" time="0.943">
  <properties/>
  <testcase name="getAllCustomerAccounts()" classname="com.bankapp.account.AccountServiceTest" time="0.907"/>
  <testcase name="canEditAccountNameWithGivenCustomer()" classname="com.bankapp.account.AccountServiceTest" time="0.01"/>
  <testcase name="canCreateCustomerAccount()" classname="com.bankapp.account.AccountServiceTest" time="0.006"/>
  <testcase name="throwsAccountNotFoundExceptionWhenCustomersAccountListDoesNotContainIt()" classname="com.bankapp.account.AccountServiceTest" time="0.003"/>
  <testcase name="canDeleteCustomersAccountById()" classname="com.bankapp.account.AccountServiceTest" time="0.002"/>
  <testcase name="gettingAllAccounts()" classname="com.bankapp.account.AccountServiceTest" time="0.002"/>
  <testcase name="throwsAccountNotFoundExceptionWhenAccountIdDoesNotExist()" classname="com.bankapp.account.AccountServiceTest" time="0.002"/>
  <testcase name="throwsNameExistsExceptionWhenAccountNameIsAlreadyTaken()" classname="com.bankapp.account.AccountServiceTest" time="0.004"/>
  <system-out><![CDATA[]]></system-out>
  <system-err><![CDATA[]]></system-err>
</testsuite>
